0 info it worked if it ends with ok
1 verbose cli [ '/usr/bin/nodejs',
1 verbose cli   '/usr/bin/npm',
1 verbose cli   'install',
1 verbose cli   'rpi-dht-sensor',
1 verbose cli   '--save' ]
2 info using npm@1.4.21
3 info using node@v0.10.29
4 warn package.json raspberry-dht@ No description
5 verbose readDependencies using package.json deps
6 verbose cache add [ 'rpi-dht-sensor', null ]
7 verbose cache add name=undefined spec="rpi-dht-sensor" args=["rpi-dht-sensor",null]
8 verbose parsed url { protocol: null,
8 verbose parsed url   slashes: null,
8 verbose parsed url   auth: null,
8 verbose parsed url   host: null,
8 verbose parsed url   port: null,
8 verbose parsed url   hostname: null,
8 verbose parsed url   hash: null,
8 verbose parsed url   search: null,
8 verbose parsed url   query: null,
8 verbose parsed url   pathname: 'rpi-dht-sensor',
8 verbose parsed url   path: 'rpi-dht-sensor',
8 verbose parsed url   href: 'rpi-dht-sensor' }
9 silly lockFile 92538860-rpi-dht-sensor rpi-dht-sensor
10 verbose lock rpi-dht-sensor /home/pi/.npm/92538860-rpi-dht-sensor.lock
11 silly lockFile 92538860-rpi-dht-sensor rpi-dht-sensor
12 silly lockFile 92538860-rpi-dht-sensor rpi-dht-sensor
13 verbose addNamed [ 'rpi-dht-sensor', '' ]
14 verbose addNamed [ null, '*' ]
15 silly lockFile 4d9d898d-rpi-dht-sensor rpi-dht-sensor@
16 verbose lock rpi-dht-sensor@ /home/pi/.npm/4d9d898d-rpi-dht-sensor.lock
17 silly addNameRange { name: 'rpi-dht-sensor', range: '*', hasData: false }
18 verbose request where is /rpi-dht-sensor
19 verbose request registry https://registry.npmjs.org/
20 verbose request id 8e1dd6d00463ca1b
21 verbose url raw /rpi-dht-sensor
22 verbose url resolving [ 'https://registry.npmjs.org/', './rpi-dht-sensor' ]
23 verbose url resolved https://registry.npmjs.org/rpi-dht-sensor
24 verbose request where is https://registry.npmjs.org/rpi-dht-sensor
25 info trying registry request attempt 1 at 20:52:36
26 verbose etag "DHD585OJ81E7XNABJ3SZB2RY1"
27 http GET https://registry.npmjs.org/rpi-dht-sensor
28 http 304 https://registry.npmjs.org/rpi-dht-sensor
29 silly registry.get cb [ 304,
29 silly registry.get   { date: 'Sun, 03 Jul 2016 20:52:38 GMT',
29 silly registry.get     via: '1.1 varnish',
29 silly registry.get     'cache-control': 'max-age=300',
29 silly registry.get     etag: '"DHD585OJ81E7XNABJ3SZB2RY1"',
29 silly registry.get     age: '0',
29 silly registry.get     connection: 'keep-alive',
29 silly registry.get     'x-served-by': 'cache-gru7121-GRU',
29 silly registry.get     'x-cache': 'MISS',
29 silly registry.get     'x-cache-hits': '0',
29 silly registry.get     'x-timer': 'S1467579158.257732,VS0,VE779',
29 silly registry.get     vary: 'Accept-Encoding' } ]
30 verbose etag https://registry.npmjs.org/rpi-dht-sensor from cache
31 silly addNameRange number 2 { name: 'rpi-dht-sensor', range: '*', hasData: true }
32 silly addNameRange versions [ 'rpi-dht-sensor', [ '0.1.0', '0.1.1' ] ]
33 verbose addNamed [ 'rpi-dht-sensor', '0.1.1' ]
34 verbose addNamed [ '0.1.1', '0.1.1' ]
35 silly lockFile 5c0ea546-rpi-dht-sensor-0-1-1 rpi-dht-sensor@0.1.1
36 verbose lock rpi-dht-sensor@0.1.1 /home/pi/.npm/5c0ea546-rpi-dht-sensor-0-1-1.lock
37 silly lockFile 5c0ea546-rpi-dht-sensor-0-1-1 rpi-dht-sensor@0.1.1
38 silly lockFile 5c0ea546-rpi-dht-sensor-0-1-1 rpi-dht-sensor@0.1.1
39 silly lockFile 4d9d898d-rpi-dht-sensor rpi-dht-sensor@
40 silly lockFile 4d9d898d-rpi-dht-sensor rpi-dht-sensor@
41 silly resolved [ { name: 'rpi-dht-sensor',
41 silly resolved     description: 'Reads data from DHT sensors on Raspberry Pi',
41 silly resolved     version: '0.1.1',
41 silly resolved     repository: { url: 'git+https://github.com/roland-vachter/rpi-dht-sensor.git' },
41 silly resolved     scripts: { install: 'node-gyp rebuild' },
41 silly resolved     main: 'main.js',
41 silly resolved     dependencies: { nan: '^2.2.0', bindings: '^1.2.1' },
41 silly resolved     gypfile: true,
41 silly resolved     license: 'LGPL-3.0',
41 silly resolved     author: { name: 'Roland Vachter' },
41 silly resolved     contributors: [ [Object] ],
41 silly resolved     gitHead: '299d0d3b282bbbec2fce5f86aed394b22c4dd0d7',
41 silly resolved     bugs: { url: 'https://github.com/roland-vachter/rpi-dht-sensor/issues' },
41 silly resolved     homepage: 'https://github.com/roland-vachter/rpi-dht-sensor#readme',
41 silly resolved     _id: 'rpi-dht-sensor@0.1.1',
41 silly resolved     _shasum: '40212385010883623ae094a51e7a7a853d042680',
41 silly resolved     _from: 'rpi-dht-sensor@',
41 silly resolved     _npmVersion: '2.14.12',
41 silly resolved     _nodeVersion: '4.2.4',
41 silly resolved     _npmUser: { name: 'roland.vachter', email: 'roland.vachter@gmail.com' },
41 silly resolved     dist:
41 silly resolved      { shasum: '40212385010883623ae094a51e7a7a853d042680',
41 silly resolved        tarball: 'https://registry.npmjs.org/rpi-dht-sensor/-/rpi-dht-sensor-0.1.1.tgz' },
41 silly resolved     maintainers: [ [Object] ],
41 silly resolved     _npmOperationalInternal:
41 silly resolved      { host: 'packages-12-west.internal.npmjs.com',
41 silly resolved        tmp: 'tmp/rpi-dht-sensor-0.1.1.tgz_1457878774463_0.6483305827714503' },
41 silly resolved     directories: {},
41 silly resolved     _resolved: 'https://registry.npmjs.org/rpi-dht-sensor/-/rpi-dht-sensor-0.1.1.tgz',
41 silly resolved     readme: 'ERROR: No README data found!' } ]
42 info install rpi-dht-sensor@0.1.1 into /home/pi/Repositories/rpi-examples
43 info installOne rpi-dht-sensor@0.1.1
44 verbose node_modules/rpi-dht-sensor unbuild
45 verbose tar unpack /home/pi/.npm/rpi-dht-sensor/0.1.1/package.tgz
46 silly lockFile 3eeb5af1-ples-node-modules-rpi-dht-sensor tar:///home/pi/Repositories/rpi-examples/node_modules/rpi-dht-sensor
47 verbose lock tar:///home/pi/Repositories/rpi-examples/node_modules/rpi-dht-sensor /home/pi/.npm/3eeb5af1-ples-node-modules-rpi-dht-sensor.lock
48 silly lockFile 04756cb0-rpi-dht-sensor-0-1-1-package-tgz tar:///home/pi/.npm/rpi-dht-sensor/0.1.1/package.tgz
49 verbose lock tar:///home/pi/.npm/rpi-dht-sensor/0.1.1/package.tgz /home/pi/.npm/04756cb0-rpi-dht-sensor-0-1-1-package-tgz.lock
50 silly gunzTarPerm modes [ '755', '644' ]
51 silly gunzTarPerm extractEntry package.json
52 silly gunzTarPerm modified mode [ 'package.json', 438, 420 ]
53 silly gunzTarPerm extractEntry .npmignore
54 silly gunzTarPerm modified mode [ '.npmignore', 438, 420 ]
55 silly gunzTarPerm extractEntry README.md
56 silly gunzTarPerm modified mode [ 'README.md', 438, 420 ]
57 silly gunzTarPerm extractEntry LICENSE
58 silly gunzTarPerm modified mode [ 'LICENSE', 438, 420 ]
59 silly gunzTarPerm extractEntry main.js
60 silly gunzTarPerm modified mode [ 'main.js', 438, 420 ]
61 silly gunzTarPerm extractEntry binding.gyp
62 silly gunzTarPerm modified mode [ 'binding.gyp', 438, 420 ]
63 silly gunzTarPerm extractEntry src/bcm2835.c
64 silly gunzTarPerm modified mode [ 'src/bcm2835.c', 438, 420 ]
65 silly gunzTarPerm extractEntry src/bcm2835.h
66 silly gunzTarPerm modified mode [ 'src/bcm2835.h', 438, 420 ]
67 silly gunzTarPerm extractEntry src/node-dht-sensor.cpp
68 silly gunzTarPerm modified mode [ 'src/node-dht-sensor.cpp', 438, 420 ]
69 silly lockFile 3eeb5af1-ples-node-modules-rpi-dht-sensor tar:///home/pi/Repositories/rpi-examples/node_modules/rpi-dht-sensor
70 silly lockFile 3eeb5af1-ples-node-modules-rpi-dht-sensor tar:///home/pi/Repositories/rpi-examples/node_modules/rpi-dht-sensor
71 silly lockFile 04756cb0-rpi-dht-sensor-0-1-1-package-tgz tar:///home/pi/.npm/rpi-dht-sensor/0.1.1/package.tgz
72 silly lockFile 04756cb0-rpi-dht-sensor-0-1-1-package-tgz tar:///home/pi/.npm/rpi-dht-sensor/0.1.1/package.tgz
73 info preinstall rpi-dht-sensor@0.1.1
74 verbose readDependencies using package.json deps
75 verbose readDependencies using package.json deps
76 verbose cache add [ 'bindings@^1.2.1', null ]
77 verbose cache add name=undefined spec="bindings@^1.2.1" args=["bindings@^1.2.1",null]
78 verbose parsed url { protocol: null,
78 verbose parsed url   slashes: null,
78 verbose parsed url   auth: null,
78 verbose parsed url   host: null,
78 verbose parsed url   port: null,
78 verbose parsed url   hostname: null,
78 verbose parsed url   hash: null,
78 verbose parsed url   search: null,
78 verbose parsed url   query: null,
78 verbose parsed url   pathname: 'bindings@^1.2.1',
78 verbose parsed url   path: 'bindings@^1.2.1',
78 verbose parsed url   href: 'bindings@^1.2.1' }
79 verbose cache add [ 'nan@^2.2.0', null ]
80 verbose cache add name=undefined spec="nan@^2.2.0" args=["nan@^2.2.0",null]
81 verbose parsed url { protocol: null,
81 verbose parsed url   slashes: null,
81 verbose parsed url   auth: null,
81 verbose parsed url   host: null,
81 verbose parsed url   port: null,
81 verbose parsed url   hostname: null,
81 verbose parsed url   hash: null,
81 verbose parsed url   search: null,
81 verbose parsed url   query: null,
81 verbose parsed url   pathname: 'nan@^2.2.0',
81 verbose parsed url   path: 'nan@^2.2.0',
81 verbose parsed url   href: 'nan@^2.2.0' }
82 verbose cache add name="bindings" spec="^1.2.1" args=["bindings","^1.2.1"]
83 verbose parsed url { protocol: null,
83 verbose parsed url   slashes: null,
83 verbose parsed url   auth: null,
83 verbose parsed url   host: null,
83 verbose parsed url   port: null,
83 verbose parsed url   hostname: null,
83 verbose parsed url   hash: null,
83 verbose parsed url   search: null,
83 verbose parsed url   query: null,
83 verbose parsed url   pathname: '^1.2.1',
83 verbose parsed url   path: '^1.2.1',
83 verbose parsed url   href: '^1.2.1' }
84 verbose addNamed [ 'bindings', '^1.2.1' ]
85 verbose addNamed [ null, '>=1.2.1-0 <2.0.0-0' ]
86 silly lockFile b1a79860-bindings-1-2-1 bindings@^1.2.1
87 verbose lock bindings@^1.2.1 /home/pi/.npm/b1a79860-bindings-1-2-1.lock
88 verbose cache add name="nan" spec="^2.2.0" args=["nan","^2.2.0"]
89 verbose parsed url { protocol: null,
89 verbose parsed url   slashes: null,
89 verbose parsed url   auth: null,
89 verbose parsed url   host: null,
89 verbose parsed url   port: null,
89 verbose parsed url   hostname: null,
89 verbose parsed url   hash: null,
89 verbose parsed url   search: null,
89 verbose parsed url   query: null,
89 verbose parsed url   pathname: '^2.2.0',
89 verbose parsed url   path: '^2.2.0',
89 verbose parsed url   href: '^2.2.0' }
90 verbose addNamed [ 'nan', '^2.2.0' ]
91 verbose addNamed [ null, '>=2.2.0-0 <3.0.0-0' ]
92 silly lockFile df706925-nan-2-2-0 nan@^2.2.0
93 verbose lock nan@^2.2.0 /home/pi/.npm/df706925-nan-2-2-0.lock
94 silly addNameRange { name: 'bindings', range: '>=1.2.1-0 <2.0.0-0', hasData: false }
95 silly addNameRange { name: 'nan', range: '>=2.2.0-0 <3.0.0-0', hasData: false }
96 verbose request where is /bindings
97 verbose request registry https://registry.npmjs.org/
98 verbose url raw /bindings
99 verbose url resolving [ 'https://registry.npmjs.org/', './bindings' ]
100 verbose url resolved https://registry.npmjs.org/bindings
101 verbose request where is https://registry.npmjs.org/bindings
102 info trying registry request attempt 1 at 20:52:43
103 verbose etag "33TX4J3DNTGF7K41ZUV6OA182"
104 http GET https://registry.npmjs.org/bindings
105 verbose request where is /nan
106 verbose request registry https://registry.npmjs.org/
107 verbose url raw /nan
108 verbose url resolving [ 'https://registry.npmjs.org/', './nan' ]
109 verbose url resolved https://registry.npmjs.org/nan
110 verbose request where is https://registry.npmjs.org/nan
111 info trying registry request attempt 1 at 20:52:43
112 verbose etag "12RFHNMU7CS3WJ1892HQLM0NB"
113 http GET https://registry.npmjs.org/nan
114 http 304 https://registry.npmjs.org/nan
115 silly registry.get cb [ 304,
115 silly registry.get   { date: 'Sun, 03 Jul 2016 20:52:45 GMT',
115 silly registry.get     via: '1.1 varnish',
115 silly registry.get     'cache-control': 'max-age=300',
115 silly registry.get     etag: '"12RFHNMU7CS3WJ1892HQLM0NB"',
115 silly registry.get     age: '84',
115 silly registry.get     connection: 'keep-alive',
115 silly registry.get     'x-served-by': 'cache-gru7127-GRU',
115 silly registry.get     'x-cache': 'HIT',
115 silly registry.get     'x-cache-hits': '1',
115 silly registry.get     'x-timer': 'S1467579165.241877,VS0,VE0',
115 silly registry.get     vary: 'Accept-Encoding' } ]
116 verbose etag https://registry.npmjs.org/nan from cache
117 silly addNameRange number 2 { name: 'nan', range: '>=2.2.0-0 <3.0.0-0', hasData: true }
118 silly addNameRange versions [ 'nan',
118 silly addNameRange   [ '0.3.0-wip',
118 silly addNameRange     '0.3.0-wip2',
118 silly addNameRange     '0.3.0',
118 silly addNameRange     '0.3.1',
118 silly addNameRange     '0.3.2',
118 silly addNameRange     '0.4.0',
118 silly addNameRange     '0.4.1',
118 silly addNameRange     '0.4.2',
118 silly addNameRange     '0.4.3',
118 silly addNameRange     '0.4.4',
118 silly addNameRange     '0.5.0',
118 silly addNameRange     '0.5.1',
118 silly addNameRange     '0.5.2',
118 silly addNameRange     '0.6.0',
118 silly addNameRange     '0.7.0',
118 silly addNameRange     '0.7.1',
118 silly addNameRange     '0.8.0',
118 silly addNameRange     '1.0.0',
118 silly addNameRange     '1.1.0',
118 silly addNameRange     '1.1.1',
118 silly addNameRange     '1.1.2',
118 silly addNameRange     '1.2.0',
118 silly addNameRange     '1.3.0',
118 silly addNameRange     '1.4.0',
118 silly addNameRange     '1.4.1',
118 silly addNameRange     '1.5.0',
118 silly addNameRange     '1.4.2',
118 silly addNameRange     '1.4.3',
118 silly addNameRange     '1.5.1',
118 silly addNameRange     '1.5.2',
118 silly addNameRange     '1.6.0',
118 silly addNameRange     '1.5.3',
118 silly addNameRange     '1.6.1',
118 silly addNameRange     '1.6.2',
118 silly addNameRange     '1.7.0',
118 silly addNameRange     '1.8.0',
118 silly addNameRange     '1.8.1',
118 silly addNameRange     '1.8.2',
118 silly addNameRange     '1.8.3',
118 silly addNameRange     '1.8.4',
118 silly addNameRange     '1.9.0',
118 silly addNameRange     '2.0.0',
118 silly addNameRange     '2.0.1',
118 silly addNameRange     '2.0.2',
118 silly addNameRange     '2.0.3',
118 silly addNameRange     '2.0.4',
118 silly addNameRange     '2.0.5',
118 silly addNameRange     '2.0.6',
118 silly addNameRange     '2.0.7',
118 silly addNameRange     '2.0.8',
118 silly addNameRange     '2.0.9',
118 silly addNameRange     '2.1.0',
118 silly addNameRange     '2.2.0',
118 silly addNameRange     '2.2.1',
118 silly addNameRange     '2.3.0',
118 silly addNameRange     '2.3.1',
118 silly addNameRange     '2.3.2',
118 silly addNameRange     '2.3.3',
118 silly addNameRange     '2.3.4',
118 silly addNameRange     '2.3.5' ] ]
119 verbose addNamed [ 'nan', '2.3.5' ]
120 verbose addNamed [ '2.3.5', '2.3.5' ]
121 silly lockFile 8dc42f6e-nan-2-3-5 nan@2.3.5
122 verbose lock nan@2.3.5 /home/pi/.npm/8dc42f6e-nan-2-3-5.lock
123 silly lockFile 8dc42f6e-nan-2-3-5 nan@2.3.5
124 silly lockFile 8dc42f6e-nan-2-3-5 nan@2.3.5
125 silly lockFile df706925-nan-2-2-0 nan@^2.2.0
126 silly lockFile df706925-nan-2-2-0 nan@^2.2.0
127 http 304 https://registry.npmjs.org/bindings
128 silly registry.get cb [ 304,
128 silly registry.get   { date: 'Sun, 03 Jul 2016 20:52:54 GMT',
128 silly registry.get     via: '1.1 varnish',
128 silly registry.get     'cache-control': 'max-age=300',
128 silly registry.get     etag: '"33TX4J3DNTGF7K41ZUV6OA182"',
128 silly registry.get     age: '215',
128 silly registry.get     connection: 'keep-alive',
128 silly registry.get     'x-served-by': 'cache-gru7127-GRU',
128 silly registry.get     'x-cache': 'HIT',
128 silly registry.get     'x-cache-hits': '1',
128 silly registry.get     'x-timer': 'S1467579174.785187,VS0,VE0',
128 silly registry.get     vary: 'Accept-Encoding' } ]
129 verbose etag https://registry.npmjs.org/bindings from cache
130 silly addNameRange number 2 { name: 'bindings', range: '>=1.2.1-0 <2.0.0-0', hasData: true }
131 silly addNameRange versions [ 'bindings',
131 silly addNameRange   [ '0.0.1',
131 silly addNameRange     '0.1.0',
131 silly addNameRange     '0.1.1',
131 silly addNameRange     '0.2.0',
131 silly addNameRange     '0.2.1',
131 silly addNameRange     '0.2.2',
131 silly addNameRange     '0.2.3',
131 silly addNameRange     '0.2.4',
131 silly addNameRange     '0.3.0',
131 silly addNameRange     '0.4.0',
131 silly addNameRange     '1.0.0',
131 silly addNameRange     '1.1.0',
131 silly addNameRange     '1.1.1',
131 silly addNameRange     '1.2.0',
131 silly addNameRange     '1.2.1' ] ]
132 verbose addNamed [ 'bindings', '1.2.1' ]
133 verbose addNamed [ '1.2.1', '1.2.1' ]
134 silly lockFile e9060511-bindings-1-2-1 bindings@1.2.1
135 verbose lock bindings@1.2.1 /home/pi/.npm/e9060511-bindings-1-2-1.lock
136 silly lockFile e9060511-bindings-1-2-1 bindings@1.2.1
137 silly lockFile e9060511-bindings-1-2-1 bindings@1.2.1
138 silly lockFile b1a79860-bindings-1-2-1 bindings@^1.2.1
139 silly lockFile b1a79860-bindings-1-2-1 bindings@^1.2.1
140 silly resolved [ { name: 'nan',
140 silly resolved     version: '2.3.5',
140 silly resolved     description: 'Native Abstractions for Node.js: C++ header for Node 0.8 -> 6 compatibility',
140 silly resolved     main: 'include_dirs.js',
140 silly resolved     repository: { type: 'git', url: 'git://github.com/nodejs/nan.git' },
140 silly resolved     scripts:
140 silly resolved      { test: 'tap --gc --stderr test/js/*-test.js',
140 silly resolved        'rebuild-tests': 'node-gyp rebuild --msvs_version=2013 --directory test',
140 silly resolved        docs: 'doc/.build.sh' },
140 silly resolved     contributors:
140 silly resolved      [ [Object],
140 silly resolved        [Object],
140 silly resolved        [Object],
140 silly resolved        [Object],
140 silly resolved        [Object],
140 silly resolved        [Object],
140 silly resolved        [Object] ],
140 silly resolved     devDependencies:
140 silly resolved      { bindings: '~1.2.1',
140 silly resolved        commander: '^2.8.1',
140 silly resolved        glob: '^5.0.14',
140 silly resolved        'node-gyp': '~3.0.1',
140 silly resolved        tap: '~0.7.1',
140 silly resolved        xtend: '~4.0.0' },
140 silly resolved     license: 'MIT',
140 silly resolved     bugs: { url: 'https://github.com/nodejs/nan/issues' },
140 silly resolved     homepage: 'https://github.com/nodejs/nan#readme',
140 silly resolved     _id: 'nan@2.3.5',
140 silly resolved     _shasum: '822a0dc266290ce4cd3a12282ca3e7e364668a08',
140 silly resolved     _resolved: 'https://registry.npmjs.org/nan/-/nan-2.3.5.tgz',
140 silly resolved     _from: 'nan@^2.2.0',
140 silly resolved     _npmVersion: '3.3.6',
140 silly resolved     _nodeVersion: '5.0.0',
140 silly resolved     _npmUser: { name: 'kkoopa', email: 'bbyholm@abo.fi' },
140 silly resolved     dist:
140 silly resolved      { shasum: '822a0dc266290ce4cd3a12282ca3e7e364668a08',
140 silly resolved        tarball: 'https://registry.npmjs.org/nan/-/nan-2.3.5.tgz' },
140 silly resolved     maintainers: [ [Object], [Object] ],
140 silly resolved     _npmOperationalInternal:
140 silly resolved      { host: 'packages-12-west.internal.npmjs.com',
140 silly resolved        tmp: 'tmp/nan-2.3.5.tgz_1464707164994_0.4295874561648816' },
140 silly resolved     directories: {},
140 silly resolved     readme: 'ERROR: No README data found!' },
140 silly resolved   { name: 'bindings',
140 silly resolved     description: 'Helper module for loading your native module\'s .node file',
140 silly resolved     keywords: [ 'native', 'addon', 'bindings', 'gyp', 'waf', 'c', 'c++' ],
140 silly resolved     version: '1.2.1',
140 silly resolved     author:
140 silly resolved      { name: 'Nathan Rajlich',
140 silly resolved        email: 'nathan@tootallnate.net',
140 silly resolved        url: 'http://tootallnate.net' },
140 silly resolved     repository:
140 silly resolved      { type: 'git',
140 silly resolved        url: 'git://github.com/TooTallNate/node-bindings.git' },
140 silly resolved     main: './bindings.js',
140 silly resolved     bugs: { url: 'https://github.com/TooTallNate/node-bindings/issues' },
140 silly resolved     homepage: 'https://github.com/TooTallNate/node-bindings',
140 silly resolved     license: 'MIT',
140 silly resolved     gitHead: 'e404152ee27f8478ccbc7122ee051246e8e5ec02',
140 silly resolved     _id: 'bindings@1.2.1',
140 silly resolved     scripts: {},
140 silly resolved     _shasum: '14ad6113812d2d37d72e67b4cacb4bb726505f11',
140 silly resolved     _from: 'bindings@^1.2.1',
140 silly resolved     _npmVersion: '1.4.14',
140 silly resolved     _npmUser: { name: 'tootallnate', email: 'nathan@tootallnate.net' },
140 silly resolved     maintainers: [ [Object], [Object] ],
140 silly resolved     dist:
140 silly resolved      { shasum: '14ad6113812d2d37d72e67b4cacb4bb726505f11',
140 silly resolved        tarball: 'https://registry.npmjs.org/bindings/-/bindings-1.2.1.tgz' },
140 silly resolved     directories: {},
140 silly resolved     _resolved: 'https://registry.npmjs.org/bindings/-/bindings-1.2.1.tgz',
140 silly resolved     readme: 'ERROR: No README data found!' } ]
141 info install nan@2.3.5 into /home/pi/Repositories/rpi-examples/node_modules/rpi-dht-sensor
142 info install bindings@1.2.1 into /home/pi/Repositories/rpi-examples/node_modules/rpi-dht-sensor
143 info installOne nan@2.3.5
144 info installOne bindings@1.2.1
145 verbose node_modules/rpi-dht-sensor/node_modules/nan unbuild
146 verbose node_modules/rpi-dht-sensor/node_modules/bindings unbuild
147 verbose tar unpack /home/pi/.npm/nan/2.3.5/package.tgz
148 silly lockFile e4bdea2e--rpi-dht-sensor-node-modules-nan tar:///home/pi/Repositories/rpi-examples/node_modules/rpi-dht-sensor/node_modules/nan
149 verbose lock tar:///home/pi/Repositories/rpi-examples/node_modules/rpi-dht-sensor/node_modules/nan /home/pi/.npm/e4bdea2e--rpi-dht-sensor-node-modules-nan.lock
150 silly lockFile 4ddb2d6b-ome-pi-npm-nan-2-3-5-package-tgz tar:///home/pi/.npm/nan/2.3.5/package.tgz
151 verbose lock tar:///home/pi/.npm/nan/2.3.5/package.tgz /home/pi/.npm/4ddb2d6b-ome-pi-npm-nan-2-3-5-package-tgz.lock
152 verbose tar unpack /home/pi/.npm/bindings/1.2.1/package.tgz
153 silly lockFile fa65eb7b-dht-sensor-node-modules-bindings tar:///home/pi/Repositories/rpi-examples/node_modules/rpi-dht-sensor/node_modules/bindings
154 verbose lock tar:///home/pi/Repositories/rpi-examples/node_modules/rpi-dht-sensor/node_modules/bindings /home/pi/.npm/fa65eb7b-dht-sensor-node-modules-bindings.lock
155 silly lockFile 2dc3eda1-i-npm-bindings-1-2-1-package-tgz tar:///home/pi/.npm/bindings/1.2.1/package.tgz
156 verbose lock tar:///home/pi/.npm/bindings/1.2.1/package.tgz /home/pi/.npm/2dc3eda1-i-npm-bindings-1-2-1-package-tgz.lock
157 silly gunzTarPerm modes [ '755', '644' ]
158 silly gunzTarPerm modes [ '755', '644' ]
159 silly gunzTarPerm extractEntry package.json
160 silly gunzTarPerm modified mode [ 'package.json', 436, 420 ]
161 silly gunzTarPerm extractEntry package.json
162 silly gunzTarPerm extractEntry README.md
163 silly gunzTarPerm modified mode [ 'README.md', 436, 420 ]
164 silly gunzTarPerm extractEntry include_dirs.js
165 silly gunzTarPerm modified mode [ 'include_dirs.js', 436, 420 ]
166 silly gunzTarPerm extractEntry README.md
167 silly gunzTarPerm extractEntry bindings.js
168 silly gunzTarPerm extractEntry nan_converters.h
169 silly gunzTarPerm modified mode [ 'nan_converters.h', 436, 420 ]
170 silly gunzTarPerm extractEntry LICENSE.md
171 silly gunzTarPerm modified mode [ 'LICENSE.md', 436, 420 ]
172 silly lockFile fa65eb7b-dht-sensor-node-modules-bindings tar:///home/pi/Repositories/rpi-examples/node_modules/rpi-dht-sensor/node_modules/bindings
173 silly lockFile fa65eb7b-dht-sensor-node-modules-bindings tar:///home/pi/Repositories/rpi-examples/node_modules/rpi-dht-sensor/node_modules/bindings
174 silly lockFile 2dc3eda1-i-npm-bindings-1-2-1-package-tgz tar:///home/pi/.npm/bindings/1.2.1/package.tgz
175 silly lockFile 2dc3eda1-i-npm-bindings-1-2-1-package-tgz tar:///home/pi/.npm/bindings/1.2.1/package.tgz
176 info preinstall bindings@1.2.1
177 verbose readDependencies using package.json deps
178 verbose readDependencies using package.json deps
179 silly resolved []
180 verbose about to build /home/pi/Repositories/rpi-examples/node_modules/rpi-dht-sensor/node_modules/bindings
181 info build /home/pi/Repositories/rpi-examples/node_modules/rpi-dht-sensor/node_modules/bindings
182 verbose linkStuff [ false,
182 verbose linkStuff   false,
182 verbose linkStuff   false,
182 verbose linkStuff   '/home/pi/Repositories/rpi-examples/node_modules/rpi-dht-sensor/node_modules' ]
183 info linkStuff bindings@1.2.1
184 verbose linkBins bindings@1.2.1
185 verbose linkMans bindings@1.2.1
186 verbose rebuildBundles bindings@1.2.1
187 info install bindings@1.2.1
188 info postinstall bindings@1.2.1
189 silly gunzTarPerm extractEntry doc/node_misc.md
190 silly gunzTarPerm modified mode [ 'doc/node_misc.md', 436, 420 ]
191 silly gunzTarPerm extractEntry doc/asyncworker.md
192 silly gunzTarPerm modified mode [ 'doc/asyncworker.md', 436, 420 ]
193 silly gunzTarPerm extractEntry doc/callback.md
194 silly gunzTarPerm modified mode [ 'doc/callback.md', 436, 420 ]
195 silly gunzTarPerm extractEntry doc/converters.md
196 silly gunzTarPerm modified mode [ 'doc/converters.md', 436, 420 ]
197 silly gunzTarPerm extractEntry doc/errors.md
198 silly gunzTarPerm modified mode [ 'doc/errors.md', 436, 420 ]
199 silly gunzTarPerm extractEntry doc/maybe_types.md
200 silly gunzTarPerm modified mode [ 'doc/maybe_types.md', 436, 420 ]
201 silly gunzTarPerm extractEntry doc/methods.md
202 silly gunzTarPerm modified mode [ 'doc/methods.md', 436, 420 ]
203 silly gunzTarPerm extractEntry doc/new.md
204 silly gunzTarPerm modified mode [ 'doc/new.md', 436, 420 ]
205 silly gunzTarPerm extractEntry doc/buffers.md
206 silly gunzTarPerm modified mode [ 'doc/buffers.md', 436, 420 ]
207 silly gunzTarPerm extractEntry doc/object_wrappers.md
208 silly gunzTarPerm modified mode [ 'doc/object_wrappers.md', 436, 420 ]
209 silly gunzTarPerm extractEntry doc/persistent.md
210 silly gunzTarPerm modified mode [ 'doc/persistent.md', 436, 420 ]
211 silly gunzTarPerm extractEntry doc/scopes.md
212 silly gunzTarPerm modified mode [ 'doc/scopes.md', 436, 420 ]
213 silly gunzTarPerm extractEntry doc/script.md
214 silly gunzTarPerm modified mode [ 'doc/script.md', 436, 420 ]
215 silly gunzTarPerm extractEntry doc/string_bytes.md
216 silly gunzTarPerm modified mode [ 'doc/string_bytes.md', 436, 420 ]
217 silly gunzTarPerm extractEntry doc/v8_internals.md
218 silly gunzTarPerm modified mode [ 'doc/v8_internals.md', 436, 420 ]
219 silly gunzTarPerm extractEntry doc/v8_misc.md
220 silly gunzTarPerm modified mode [ 'doc/v8_misc.md', 436, 420 ]
221 silly gunzTarPerm extractEntry nan.h
222 silly gunzTarPerm modified mode [ 'nan.h', 436, 420 ]
223 silly gunzTarPerm extractEntry nan_callbacks.h
224 silly gunzTarPerm modified mode [ 'nan_callbacks.h', 436, 420 ]
225 silly gunzTarPerm extractEntry nan_callbacks_12_inl.h
226 silly gunzTarPerm modified mode [ 'nan_callbacks_12_inl.h', 436, 420 ]
227 silly gunzTarPerm extractEntry nan_callbacks_pre_12_inl.h
228 silly gunzTarPerm modified mode [ 'nan_callbacks_pre_12_inl.h', 436, 420 ]
229 silly gunzTarPerm extractEntry nan_converters_43_inl.h
230 silly gunzTarPerm modified mode [ 'nan_converters_43_inl.h', 436, 420 ]
231 silly gunzTarPerm extractEntry nan_converters_pre_43_inl.h
232 silly gunzTarPerm modified mode [ 'nan_converters_pre_43_inl.h', 436, 420 ]
233 silly gunzTarPerm extractEntry nan_implementation_12_inl.h
234 silly gunzTarPerm modified mode [ 'nan_implementation_12_inl.h', 436, 420 ]
235 silly gunzTarPerm extractEntry nan_implementation_pre_12_inl.h
236 silly gunzTarPerm modified mode [ 'nan_implementation_pre_12_inl.h', 436, 420 ]
237 silly gunzTarPerm extractEntry nan_maybe_43_inl.h
238 silly gunzTarPerm modified mode [ 'nan_maybe_43_inl.h', 436, 420 ]
239 silly gunzTarPerm extractEntry nan_maybe_pre_43_inl.h
240 silly gunzTarPerm modified mode [ 'nan_maybe_pre_43_inl.h', 436, 420 ]
241 silly gunzTarPerm extractEntry nan_new.h
242 silly gunzTarPerm modified mode [ 'nan_new.h', 436, 420 ]
243 silly gunzTarPerm extractEntry nan_object_wrap.h
244 silly gunzTarPerm modified mode [ 'nan_object_wrap.h', 436, 420 ]
245 silly gunzTarPerm extractEntry nan_persistent_12_inl.h
246 silly gunzTarPerm modified mode [ 'nan_persistent_12_inl.h', 436, 420 ]
247 silly gunzTarPerm extractEntry nan_persistent_pre_12_inl.h
248 silly gunzTarPerm modified mode [ 'nan_persistent_pre_12_inl.h', 436, 420 ]
249 silly gunzTarPerm extractEntry nan_string_bytes.h
250 silly gunzTarPerm modified mode [ 'nan_string_bytes.h', 436, 420 ]
251 silly gunzTarPerm extractEntry nan_typedarray_contents.h
252 silly gunzTarPerm modified mode [ 'nan_typedarray_contents.h', 436, 420 ]
253 silly gunzTarPerm extractEntry nan_weak.h
254 silly gunzTarPerm modified mode [ 'nan_weak.h', 436, 420 ]
255 silly gunzTarPerm extractEntry CHANGELOG.md
256 silly gunzTarPerm modified mode [ 'CHANGELOG.md', 436, 420 ]
257 silly gunzTarPerm extractEntry tools/package.json
258 silly gunzTarPerm modified mode [ 'tools/package.json', 436, 420 ]
259 silly gunzTarPerm extractEntry tools/README.md
260 silly gunzTarPerm modified mode [ 'tools/README.md', 436, 420 ]
261 silly gunzTarPerm extractEntry tools/1to2.js
262 silly gunzTarPerm modified mode [ 'tools/1to2.js', 509, 493 ]
263 silly lockFile e4bdea2e--rpi-dht-sensor-node-modules-nan tar:///home/pi/Repositories/rpi-examples/node_modules/rpi-dht-sensor/node_modules/nan
264 silly lockFile e4bdea2e--rpi-dht-sensor-node-modules-nan tar:///home/pi/Repositories/rpi-examples/node_modules/rpi-dht-sensor/node_modules/nan
265 silly lockFile 4ddb2d6b-ome-pi-npm-nan-2-3-5-package-tgz tar:///home/pi/.npm/nan/2.3.5/package.tgz
266 silly lockFile 4ddb2d6b-ome-pi-npm-nan-2-3-5-package-tgz tar:///home/pi/.npm/nan/2.3.5/package.tgz
267 info preinstall nan@2.3.5
268 verbose readDependencies using package.json deps
269 verbose readDependencies using package.json deps
270 silly resolved []
271 verbose about to build /home/pi/Repositories/rpi-examples/node_modules/rpi-dht-sensor/node_modules/nan
272 info build /home/pi/Repositories/rpi-examples/node_modules/rpi-dht-sensor/node_modules/nan
273 verbose linkStuff [ false,
273 verbose linkStuff   false,
273 verbose linkStuff   false,
273 verbose linkStuff   '/home/pi/Repositories/rpi-examples/node_modules/rpi-dht-sensor/node_modules' ]
274 info linkStuff nan@2.3.5
275 verbose linkBins nan@2.3.5
276 verbose linkMans nan@2.3.5
277 verbose rebuildBundles nan@2.3.5
278 info install nan@2.3.5
279 info postinstall nan@2.3.5
280 verbose about to build /home/pi/Repositories/rpi-examples/node_modules/rpi-dht-sensor
281 info build /home/pi/Repositories/rpi-examples/node_modules/rpi-dht-sensor
282 verbose linkStuff [ false,
282 verbose linkStuff   false,
282 verbose linkStuff   false,
282 verbose linkStuff   '/home/pi/Repositories/rpi-examples/node_modules' ]
283 info linkStuff rpi-dht-sensor@0.1.1
284 verbose linkBins rpi-dht-sensor@0.1.1
285 verbose linkMans rpi-dht-sensor@0.1.1
286 verbose rebuildBundles rpi-dht-sensor@0.1.1
287 verbose rebuildBundles [ 'bindings', 'nan' ]
288 info install rpi-dht-sensor@0.1.1
289 verbose unsafe-perm in lifecycle true
290 info rpi-dht-sensor@0.1.1 Failed to exec install script
291 verbose node_modules/rpi-dht-sensor unbuild
292 warn This failure might be due to the use of legacy binary "node"
293 warn For further explanations, please read
/usr/share/doc/nodejs/README.Debian
294 info preuninstall rpi-dht-sensor@0.1.1
295 info uninstall rpi-dht-sensor@0.1.1
296 verbose true,/home/pi/Repositories/rpi-examples/node_modules,/home/pi/Repositories/rpi-examples/node_modules unbuild rpi-dht-sensor@0.1.1
297 info postuninstall rpi-dht-sensor@0.1.1
298 error rpi-dht-sensor@0.1.1 install: `node-gyp rebuild`
298 error Exit status 1
299 error Failed at the rpi-dht-sensor@0.1.1 install script.
299 error This is most likely a problem with the rpi-dht-sensor package,
299 error not with npm itself.
299 error Tell the author that this fails on your system:
299 error     node-gyp rebuild
299 error You can get their info via:
299 error     npm owner ls rpi-dht-sensor
299 error There is likely additional logging output above.
300 error System Linux 4.4.9+
301 error command "/usr/bin/nodejs" "/usr/bin/npm" "install" "rpi-dht-sensor" "--save"
302 error cwd /home/pi/Repositories/rpi-examples
303 error node -v v0.10.29
304 error npm -v 1.4.21
305 error code ELIFECYCLE
306 verbose exit [ 1, true ]
